<?xml version="1.0" encoding="UTF-8"?>
<!-- Generated by org.testng.reporters.JUnitXMLReporter -->
<testsuite hostname="BDC6-D-84JMX52" ignored="1" name="Practice grouping" tests="2" failures="0" timestamp="2020-01-23T09:56:51 IST" time="0.106" errors="0">
  <testcase name="CarTest" time="0.017" classname="testngdemos.group"/>
  <testcase name="Sedan1" time="0.004" classname="testngdemos.group"/>
  <testcase name="scooter2" time="0.0" classname="testngdemos.group">
    <ignored/>
  </testcase> <!-- scooter2 -->
</testsuite> <!-- Practice grouping -->
